<?xml version="1.0" encoding="UTF-8"?>
<!-- Generated by org.testng.reporters.JUnitReportReporter -->
<testsuite hostname="UserPC" failures="0" tests="2" name="CalcTest1" time="0.008" errors="0" timestamp="2021-12-24T18:05:26 MSK" skipped="0">
  <testcase classname="CalcTest1" name="testSum" time="0.005"/>
  <system-out/>
  <testcase classname="CalcTest1" name="testSum1" time="0.003"/>
  <system-out/>
</testsuite> <!-- CalcTest1 -->
